<?xml version="1.0" encoding="UTF-8"?>
<!-- Generated by org.testng.reporters.JUnitXMLReporter -->
<testsuite ignored="2" hostname="LTIN342151" failures="0" tests="1" name="Default test(failed)" time="0.133" errors="0" timestamp="2024-03-24T19:16:37 IST">
  <testcase classname="testBase.BaseClass" name="@BeforeClass setup" time="-1.711287996945E9">
    <failure type="org.testng.TestNGException" message="
Parameter &amp;apos;browser&amp;apos; is required by BeforeClass on method setup but has not been marked @Optional or defined
in C:\Users\2318156\OneDrive - Cognizant\Desktop\Hackathon\test-output\testng-failed.xml">
      <![CDATA[org.testng.TestNGException: 
Parameter 'browser' is required by BeforeClass on method setup but has not been marked @Optional or defined
in C:\Users\2318156\OneDrive - Cognizant\Desktop\Hackathon\test-output\testng-failed.xml
at java.base/java.util.ArrayList.forEach(ArrayList.java:1511)
... Removed 22 stack frames]]>
    </failure>
  </testcase> <!-- @BeforeClass setup -->
  <testcase classname="testBase.BaseClass" name="@AfterClass tearDown" time="0.0">
    <skipped/>
  </testcase> <!-- @AfterClass tearDown -->
  <testcase classname="testCases.TC_003_FormFill" name="goEnterprise" time="0.001">
    <skipped/>
  </testcase> <!-- goEnterprise -->
  <testcase classname="testCases.TC_003_FormFill" name="fillingForm" time="0.0">
    <ignored/>
  </testcase> <!-- fillingForm -->
  <testcase classname="testCases.TC_003_FormFill" name="goCampus" time="0.0">
    <ignored/>
  </testcase> <!-- goCampus -->
</testsuite> <!-- Default test(failed) -->
