<?xml version="1.0" encoding="UTF-8"?>
<testng-results ignored="0" total="17" passed="15" failed="2" skipped="0">
  <reporter-output>
  </reporter-output>
  <suite started-at="2024-03-26T14:44:11 IST" name="Suite" finished-at="2024-03-26T14:51:22 IST" duration-ms="431038">
    <groups>
    </groups>
    <test started-at="2024-03-26T14:44:11 IST" name="Test" finished-at="2024-03-26T14:51:22 IST" duration-ms="431038">
      <class name="testCases.TC_001_WebDevlopment">
        <test-method is-config="true" signature="setup(java.lang.String)[pri:0, instance:testCases.TC_001_WebDevlopment@23e84203]" started-at="2024-03-26T14:44:11 IST" name="setup" finished-at="2024-03-26T14:44:47 IST" duration-ms="35497" status="PASS">
          <params>
            <param index="0">
              <value>
                <![CDATA[Chrome]]>
              </value>
            </param>
          </params>
          <reporter-output>
          </reporter-output>
        </test-method> <!-- setup -->
        <test-method is-config="true" signature="popupHandle()[pri:0, instance:testCases.TC_001_WebDevlopment@23e84203]" started-at="2024-03-26T14:44:47 IST" name="popupHandle" finished-at="2024-03-26T14:45:14 IST" duration-ms="27112" status="PASS">
          <reporter-output>
          </reporter-output>
        </test-method> <!-- popupHandle -->
        <test-method signature="searchWebDevlopment()[pri:1, instance:testCases.TC_001_WebDevlopment@23e84203]" started-at="2024-03-26T14:45:14 IST" name="searchWebDevlopment" finished-at="2024-03-26T14:45:26 IST" duration-ms="11556" status="PASS">
          <reporter-output>
          </reporter-output>
        </test-method> <!-- searchWebDevlopment -->
        <test-method is-config="true" signature="popupHandle()[pri:0, instance:testCases.TC_001_WebDevlopment@23e84203]" started-at="2024-03-26T14:45:26 IST" name="popupHandle" finished-at="2024-03-26T14:45:36 IST" duration-ms="10041" status="PASS">
          <reporter-output>
          </reporter-output>
        </test-method> <!-- popupHandle -->
        <test-method signature="clickFilter()[pri:2, instance:testCases.TC_001_WebDevlopment@23e84203]" started-at="2024-03-26T14:45:36 IST" name="clickFilter" finished-at="2024-03-26T14:45:38 IST" duration-ms="2383" status="PASS">
          <reporter-output>
          </reporter-output>
        </test-method> <!-- clickFilter -->
        <test-method is-config="true" signature="popupHandle()[pri:0, instance:testCases.TC_001_WebDevlopment@23e84203]" started-at="2024-03-26T14:45:38 IST" name="popupHandle" finished-at="2024-03-26T14:45:48 IST" duration-ms="10036" status="PASS">
          <reporter-output>
          </reporter-output>
        </test-method> <!-- popupHandle -->
        <test-method signature="printInfo()[pri:3, instance:testCases.TC_001_WebDevlopment@23e84203]" started-at="2024-03-26T14:45:48 IST" name="printInfo" finished-at="2024-03-26T14:45:55 IST" duration-ms="6703" status="PASS">
          <reporter-output>
          </reporter-output>
        </test-method> <!-- printInfo -->
        <test-method is-config="true" signature="tearDown()[pri:0, instance:testCases.TC_001_WebDevlopment@23e84203]" started-at="2024-03-26T14:45:55 IST" name="tearDown" finished-at="2024-03-26T14:45:56 IST" duration-ms="1105" status="PASS">
          <reporter-output>
          </reporter-output>
        </test-method> <!-- tearDown -->
      </class> <!-- testCases.TC_001_WebDevlopment -->
      <class name="testCases.TC_004_FormFillDataDriven">
        <test-method is-config="true" signature="setup(java.lang.String)[pri:0, instance:testCases.TC_004_FormFillDataDriven@1040be71]" started-at="2024-03-26T14:48:52 IST" name="setup" finished-at="2024-03-26T14:49:00 IST" duration-ms="8590" status="PASS">
          <params>
            <param index="0">
              <value>
                <![CDATA[Chrome]]>
              </value>
            </param>
          </params>
          <reporter-output>
          </reporter-output>
        </test-method> <!-- setup -->
        <test-method is-config="true" signature="popupHandle()[pri:0, instance:testCases.TC_004_FormFillDataDriven@1040be71]" started-at="2024-03-26T14:49:03 IST" name="popupHandle" finished-at="2024-03-26T14:49:05 IST" duration-ms="1555" status="PASS">
          <reporter-output>
          </reporter-output>
        </test-method> <!-- popupHandle -->
        <test-method signature="dataFill(java.lang.String,java.lang.String,java.lang.String,java.lang.String,java.lang.String,java.lang.String,java.lang.String,java.lang.String,java.lang.String,java.lang.String,java.lang.String)[pri:0, instance:testCases.TC_004_FormFillDataDriven@1040be71]" started-at="2024-03-26T14:49:05 IST" name="dataFill" data-provider="LoginData" finished-at="2024-03-26T14:49:18 IST" duration-ms="13418" status="PASS">
          <params>
            <param index="0">
              <value>
                <![CDATA[Ramesh]]>
              </value>
            </param>
            <param index="1">
              <value>
                <![CDATA[Pawar]]>
              </value>
            </param>
            <param index="2">
              <value>
                <![CDATA[]]>
              </value>
            </param>
            <param index="3">
              <value>
                <![CDATA[9876567893]]>
              </value>
            </param>
            <param index="4">
              <value>
                <![CDATA[2 Year College]]>
              </value>
            </param>
            <param index="5">
              <value>
                <![CDATA[Heritage Institute]]>
              </value>
            </param>
            <param index="6">
              <value>
                <![CDATA[Director]]>
              </value>
            </param>
            <param index="7">
              <value>
                <![CDATA[Career Services]]>
              </value>
            </param>
            <param index="8">
              <value>
                <![CDATA[Billing/Invoice Support]]>
              </value>
            </param>
            <param index="9">
              <value>
                <![CDATA[Australia]]>
              </value>
            </param>
            <param index="10">
              <value>
                <![CDATA[Form 3]]>
              </value>
            </param>
          </params>
          <reporter-output>
          </reporter-output>
        </test-method> <!-- dataFill -->
        <test-method is-config="true" signature="popupHandle()[pri:0, instance:testCases.TC_004_FormFillDataDriven@1040be71]" started-at="2024-03-26T14:49:18 IST" name="popupHandle" finished-at="2024-03-26T14:49:28 IST" duration-ms="10032" status="PASS">
          <reporter-output>
          </reporter-output>
        </test-method> <!-- popupHandle -->
        <test-method signature="dataFill(java.lang.String,java.lang.String,java.lang.String,java.lang.String,java.lang.String,java.lang.String,java.lang.String,java.lang.String,java.lang.String,java.lang.String,java.lang.String)[pri:0, instance:testCases.TC_004_FormFillDataDriven@1040be71]" started-at="2024-03-26T14:49:28 IST" name="dataFill" data-provider="LoginData" finished-at="2024-03-26T14:49:33 IST" duration-ms="4700" status="PASS">
          <params>
            <param index="0">
              <value>
                <![CDATA[Anand]]>
              </value>
            </param>
            <param index="1">
              <value>
                <![CDATA[Singh]]>
              </value>
            </param>
            <param index="2">
              <value>
                <![CDATA[anand87@gmail.com]]>
              </value>
            </param>
            <param index="3">
              <value>
                <![CDATA[]]>
              </value>
            </param>
            <param index="4">
              <value>
                <![CDATA[Graduate or Professional School]]>
              </value>
            </param>
            <param index="5">
              <value>
                <![CDATA[Techno Institute]]>
              </value>
            </param>
            <param index="6">
              <value>
                <![CDATA[Dean]]>
              </value>
            </param>
            <param index="7">
              <value>
                <![CDATA[Executive Leadership]]>
              </value>
            </param>
            <param index="8">
              <value>
                <![CDATA[Existing Customer Support]]>
              </value>
            </param>
            <param index="9">
              <value>
                <![CDATA[India]]>
              </value>
            </param>
            <param index="10">
              <value>
                <![CDATA[Form 4]]>
              </value>
            </param>
          </params>
          <reporter-output>
          </reporter-output>
        </test-method> <!-- dataFill -->
        <test-method is-config="true" signature="popupHandle()[pri:0, instance:testCases.TC_004_FormFillDataDriven@1040be71]" started-at="2024-03-26T14:49:33 IST" name="popupHandle" finished-at="2024-03-26T14:49:43 IST" duration-ms="10050" status="PASS">
          <reporter-output>
          </reporter-output>
        </test-method> <!-- popupHandle -->
        <test-method signature="dataFill(java.lang.String,java.lang.String,java.lang.String,java.lang.String,java.lang.String,java.lang.String,java.lang.String,java.lang.String,java.lang.String,java.lang.String,java.lang.String)[pri:0, instance:testCases.TC_004_FormFillDataDriven@1040be71]" started-at="2024-03-26T14:49:43 IST" name="dataFill" data-provider="LoginData" finished-at="2024-03-26T14:49:48 IST" duration-ms="4462" status="PASS">
          <params>
            <param index="0">
              <value>
                <![CDATA[Aniket]]>
              </value>
            </param>
            <param index="1">
              <value>
                <![CDATA[Aryan]]>
              </value>
            </param>
            <param index="2">
              <value>
                <![CDATA[aryan23@heritage.com]]>
              </value>
            </param>
            <param index="3">
              <value>
                <![CDATA[9123456783]]>
              </value>
            </param>
            <param index="4">
              <value>
                <![CDATA[Select...]]>
              </value>
            </param>
            <param index="5">
              <value>
                <![CDATA[Heritage Institute]]>
              </value>
            </param>
            <param index="6">
              <value>
                <![CDATA[CEO]]>
              </value>
            </param>
            <param index="7">
              <value>
                <![CDATA[International]]>
              </value>
            </param>
            <param index="8">
              <value>
                <![CDATA[Other]]>
              </value>
            </param>
            <param index="9">
              <value>
                <![CDATA[Bangladesh]]>
              </value>
            </param>
            <param index="10">
              <value>
                <![CDATA[Form 5]]>
              </value>
            </param>
          </params>
          <reporter-output>
          </reporter-output>
        </test-method> <!-- dataFill -->
        <test-method is-config="true" signature="popupHandle()[pri:0, instance:testCases.TC_004_FormFillDataDriven@1040be71]" started-at="2024-03-26T14:49:48 IST" name="popupHandle" finished-at="2024-03-26T14:49:58 IST" duration-ms="10046" status="PASS">
          <reporter-output>
          </reporter-output>
        </test-method> <!-- popupHandle -->
        <test-method signature="dataFill(java.lang.String,java.lang.String,java.lang.String,java.lang.String,java.lang.String,java.lang.String,java.lang.String,java.lang.String,java.lang.String,java.lang.String,java.lang.String)[pri:0, instance:testCases.TC_004_FormFillDataDriven@1040be71]" started-at="2024-03-26T14:49:58 IST" name="dataFill" data-provider="LoginData" finished-at="2024-03-26T14:50:02 IST" duration-ms="4838" status="PASS">
          <params>
            <param index="0">
              <value>
                <![CDATA[Ashish]]>
              </value>
            </param>
            <param index="1">
              <value>
                <![CDATA[Kumar]]>
              </value>
            </param>
            <param index="2">
              <value>
                <![CDATA[ashish22@iem.com]]>
              </value>
            </param>
            <param index="3">
              <value>
                <![CDATA[7345657865]]>
              </value>
            </param>
            <param index="4">
              <value>
                <![CDATA[Other]]>
              </value>
            </param>
            <param index="5">
              <value>
                <![CDATA[]]>
              </value>
            </param>
            <param index="6">
              <value>
                <![CDATA[Registrar]]>
              </value>
            </param>
            <param index="7">
              <value>
                <![CDATA[Student Affairs]]>
              </value>
            </param>
            <param index="8">
              <value>
                <![CDATA[Tech Support]]>
              </value>
            </param>
            <param index="9">
              <value>
                <![CDATA[Egypt]]>
              </value>
            </param>
            <param index="10">
              <value>
                <![CDATA[Form 6]]>
              </value>
            </param>
          </params>
          <reporter-output>
          </reporter-output>
        </test-method> <!-- dataFill -->
        <test-method is-config="true" signature="popupHandle()[pri:0, instance:testCases.TC_004_FormFillDataDriven@1040be71]" started-at="2024-03-26T14:50:02 IST" name="popupHandle" finished-at="2024-03-26T14:50:13 IST" duration-ms="10073" status="PASS">
          <reporter-output>
          </reporter-output>
        </test-method> <!-- popupHandle -->
        <test-method signature="dataFill(java.lang.String,java.lang.String,java.lang.String,java.lang.String,java.lang.String,java.lang.String,java.lang.String,java.lang.String,java.lang.String,java.lang.String,java.lang.String)[pri:0, instance:testCases.TC_004_FormFillDataDriven@1040be71]" started-at="2024-03-26T14:50:13 IST" name="dataFill" data-provider="LoginData" finished-at="2024-03-26T14:50:17 IST" duration-ms="4556" status="PASS">
          <params>
            <param index="0">
              <value>
                <![CDATA[Manoj]]>
              </value>
            </param>
            <param index="1">
              <value>
                <![CDATA[Singh]]>
              </value>
            </param>
            <param index="2">
              <value>
                <![CDATA[maoj12@uem.com]]>
              </value>
            </param>
            <param index="3">
              <value>
                <![CDATA[9340354621]]>
              </value>
            </param>
            <param index="4">
              <value>
                <![CDATA[2 Year College]]>
              </value>
            </param>
            <param index="5">
              <value>
                <![CDATA[UEM]]>
              </value>
            </param>
            <param index="6">
              <value>
                <![CDATA[]]>
              </value>
            </param>
            <param index="7">
              <value>
                <![CDATA[Strategic Planning]]>
              </value>
            </param>
            <param index="8">
              <value>
                <![CDATA[Existing Customer Support]]>
              </value>
            </param>
            <param index="9">
              <value>
                <![CDATA[Cuba]]>
              </value>
            </param>
            <param index="10">
              <value>
                <![CDATA[Form 7]]>
              </value>
            </param>
          </params>
          <reporter-output>
          </reporter-output>
        </test-method> <!-- dataFill -->
        <test-method is-config="true" signature="popupHandle()[pri:0, instance:testCases.TC_004_FormFillDataDriven@1040be71]" started-at="2024-03-26T14:50:17 IST" name="popupHandle" finished-at="2024-03-26T14:50:27 IST" duration-ms="10047" status="PASS">
          <reporter-output>
          </reporter-output>
        </test-method> <!-- popupHandle -->
        <test-method signature="dataFill(java.lang.String,java.lang.String,java.lang.String,java.lang.String,java.lang.String,java.lang.String,java.lang.String,java.lang.String,java.lang.String,java.lang.String,java.lang.String)[pri:0, instance:testCases.TC_004_FormFillDataDriven@1040be71]" started-at="2024-03-26T14:50:27 IST" name="dataFill" data-provider="LoginData" finished-at="2024-03-26T14:50:42 IST" duration-ms="14580" status="PASS">
          <params>
            <param index="0">
              <value>
                <![CDATA[Vimlesh]]>
              </value>
            </param>
            <param index="1">
              <value>
                <![CDATA[Kumar]]>
              </value>
            </param>
            <param index="2">
              <value>
                <![CDATA[vimlesh@techno.com]]>
              </value>
            </param>
            <param index="3">
              <value>
                <![CDATA[6437651234]]>
              </value>
            </param>
            <param index="4">
              <value>
                <![CDATA[Other]]>
              </value>
            </param>
            <param index="5">
              <value>
                <![CDATA[Techno Institute Of Technology]]>
              </value>
            </param>
            <param index="6">
              <value>
                <![CDATA[Director]]>
              </value>
            </param>
            <param index="7">
              <value>
                <![CDATA[ ]]>
              </value>
            </param>
            <param index="8">
              <value>
                <![CDATA[Learner Support]]>
              </value>
            </param>
            <param index="9">
              <value>
                <![CDATA[India]]>
              </value>
            </param>
            <param index="10">
              <value>
                <![CDATA[Form 8]]>
              </value>
            </param>
          </params>
          <reporter-output>
          </reporter-output>
        </test-method> <!-- dataFill -->
        <test-method is-config="true" signature="popupHandle()[pri:0, instance:testCases.TC_004_FormFillDataDriven@1040be71]" started-at="2024-03-26T14:50:42 IST" name="popupHandle" finished-at="2024-03-26T14:50:52 IST" duration-ms="10052" status="PASS">
          <reporter-output>
          </reporter-output>
        </test-method> <!-- popupHandle -->
        <test-method signature="dataFill(java.lang.String,java.lang.String,java.lang.String,java.lang.String,java.lang.String,java.lang.String,java.lang.String,java.lang.String,java.lang.String,java.lang.String,java.lang.String)[pri:0, instance:testCases.TC_004_FormFillDataDriven@1040be71]" started-at="2024-03-26T14:50:52 IST" name="dataFill" data-provider="LoginData" finished-at="2024-03-26T14:50:56 IST" duration-ms="4499" status="PASS">
          <params>
            <param index="0">
              <value>
                <![CDATA[Sayan]]>
              </value>
            </param>
            <param index="1">
              <value>
                <![CDATA[Sen]]>
              </value>
            </param>
            <param index="2">
              <value>
                <![CDATA[sen21@aot.com]]>
              </value>
            </param>
            <param index="3">
              <value>
                <![CDATA[9876345215]]>
              </value>
            </param>
            <param index="4">
              <value>
                <![CDATA[Graduate or Professional School]]>
              </value>
            </param>
            <param index="5">
              <value>
                <![CDATA[AOT]]>
              </value>
            </param>
            <param index="6">
              <value>
                <![CDATA[Director]]>
              </value>
            </param>
            <param index="7">
              <value>
                <![CDATA[Continuing Education]]>
              </value>
            </param>
            <param index="8">
              <value>
                <![CDATA[]]>
              </value>
            </param>
            <param index="9">
              <value>
                <![CDATA[Australia]]>
              </value>
            </param>
            <param index="10">
              <value>
                <![CDATA[Form 9]]>
              </value>
            </param>
          </params>
          <reporter-output>
          </reporter-output>
        </test-method> <!-- dataFill -->
        <test-method is-config="true" signature="popupHandle()[pri:0, instance:testCases.TC_004_FormFillDataDriven@1040be71]" started-at="2024-03-26T14:50:56 IST" name="popupHandle" finished-at="2024-03-26T14:51:06 IST" duration-ms="10061" status="PASS">
          <reporter-output>
          </reporter-output>
        </test-method> <!-- popupHandle -->
        <test-method signature="dataFill(java.lang.String,java.lang.String,java.lang.String,java.lang.String,java.lang.String,java.lang.String,java.lang.String,java.lang.String,java.lang.String,java.lang.String,java.lang.String)[pri:0, instance:testCases.TC_004_FormFillDataDriven@1040be71]" started-at="2024-03-26T14:51:06 IST" name="dataFill" data-provider="LoginData" finished-at="2024-03-26T14:51:21 IST" duration-ms="14390" status="PASS">
          <params>
            <param index="0">
              <value>
                <![CDATA[Vaibhav]]>
              </value>
            </param>
            <param index="1">
              <value>
                <![CDATA[Chaudhary]]>
              </value>
            </param>
            <param index="2">
              <value>
                <![CDATA[vaibhav23@ait.com]]>
              </value>
            </param>
            <param index="3">
              <value>
                <![CDATA[7301256721]]>
              </value>
            </param>
            <param index="4">
              <value>
                <![CDATA[Ministry of Education]]>
              </value>
            </param>
            <param index="5">
              <value>
                <![CDATA[Army Institute Of Technology]]>
              </value>
            </param>
            <param index="6">
              <value>
                <![CDATA[Consultant]]>
              </value>
            </param>
            <param index="7">
              <value>
                <![CDATA[ ]]>
              </value>
            </param>
            <param index="8">
              <value>
                <![CDATA[Other]]>
              </value>
            </param>
            <param index="9">
              <value>
                <![CDATA[Country]]>
              </value>
            </param>
            <param index="10">
              <value>
                <![CDATA[Form 10]]>
              </value>
            </param>
          </params>
          <reporter-output>
          </reporter-output>
        </test-method> <!-- dataFill -->
        <test-method is-config="true" signature="tearDown()[pri:0, instance:testCases.TC_004_FormFillDataDriven@1040be71]" started-at="2024-03-26T14:51:21 IST" name="tearDown" finished-at="2024-03-26T14:51:22 IST" duration-ms="1158" status="PASS">
          <reporter-output>
          </reporter-output>
        </test-method> <!-- tearDown -->
      </class> <!-- testCases.TC_004_FormFillDataDriven -->
      <class name="testCases.TC_002_LanguageLearning">
        <test-method is-config="true" signature="setup(java.lang.String)[pri:0, instance:testCases.TC_002_LanguageLearning@61c4eee0]" started-at="2024-03-26T14:45:56 IST" name="setup" finished-at="2024-03-26T14:46:30 IST" duration-ms="34322" status="PASS">
          <params>
            <param index="0">
              <value>
                <![CDATA[Chrome]]>
              </value>
            </param>
          </params>
          <reporter-output>
          </reporter-output>
        </test-method> <!-- setup -->
        <test-method is-config="true" signature="popupHandle()[pri:0, instance:testCases.TC_002_LanguageLearning@61c4eee0]" started-at="2024-03-26T14:46:30 IST" name="popupHandle" finished-at="2024-03-26T14:46:40 IST" duration-ms="10033" status="PASS">
          <reporter-output>
          </reporter-output>
        </test-method> <!-- popupHandle -->
        <test-method signature="searchLanguageLearning()[pri:1, instance:testCases.TC_002_LanguageLearning@61c4eee0]" started-at="2024-03-26T14:46:40 IST" name="searchLanguageLearning" finished-at="2024-03-26T14:46:50 IST" duration-ms="10060" status="FAIL">
          <exception class="org.openqa.selenium.NoSuchElementException">
            <message>
              <![CDATA[no such element: Unable to locate element: {"method":"xpath","selector":"//input[@placeholder='What do you want to learn?']"}
  (Session info: chrome=120.0.6099.130)
For documentation on this error, please visit: https://www.selenium.dev/documentation/webdriver/troubleshooting/errors#no-such-element-exception
Build info: version: '4.17.0', revision: 'e52b1be057*'
System info: os.name: 'Windows 11', os.arch: 'amd64', os.version: '10.0', java.version: '17.0.10'
Driver info: org.openqa.selenium.chrome.ChromeDriver
Command: [3e88bbba8a318a9313b5b80253020aad, findElement {using=xpath, value=//input[@placeholder='What do you want to learn?']}]
Capabilities {acceptInsecureCerts: false, browserName: chrome, browserVersion: 120.0.6099.130, chrome: {chromedriverVersion: 120.0.6099.109 (3419140ab66..., userDataDir: C:\Windows\SystemTemp\scope...}, fedcm:accounts: true, goog:chromeOptions: {debuggerAddress: localhost:57719}, networkConnectionEnabled: false, pageLoadStrategy: normal, platformName: windows, proxy: Proxy(), se:cdp: ws://localhost:57719/devtoo..., se:cdpVersion: 120.0.6099.130, setWindowRect: true, strictFileInteractability: false, timeouts: {implicit: 0, pageLoad: 300000, script: 30000}, unhandledPromptBehavior: dismiss and notify, webauthn:extension:credBlob: true, webauthn:extension:largeBlob: true, webauthn:extension:minPinLength: true, webauthn:extension:prf: true, webauthn:virtualAuthenticators: true}
Session ID: 3e88bbba8a318a9313b5b80253020aad]]>
            </message>
            <full-stacktrace>
              <![CDATA[org.openqa.selenium.NoSuchElementException: no such element: Unable to locate element: {"method":"xpath","selector":"//input[@placeholder='What do you want to learn?']"}
  (Session info: chrome=120.0.6099.130)
For documentation on this error, please visit: https://www.selenium.dev/documentation/webdriver/troubleshooting/errors#no-such-element-exception
Build info: version: '4.17.0', revision: 'e52b1be057*'
System info: os.name: 'Windows 11', os.arch: 'amd64', os.version: '10.0', java.version: '17.0.10'
Driver info: org.openqa.selenium.chrome.ChromeDriver
Command: [3e88bbba8a318a9313b5b80253020aad, findElement {using=xpath, value=//input[@placeholder='What do you want to learn?']}]
Capabilities {acceptInsecureCerts: false, browserName: chrome, browserVersion: 120.0.6099.130, chrome: {chromedriverVersion: 120.0.6099.109 (3419140ab66..., userDataDir: C:\Windows\SystemTemp\scope...}, fedcm:accounts: true, goog:chromeOptions: {debuggerAddress: localhost:57719}, networkConnectionEnabled: false, pageLoadStrategy: normal, platformName: windows, proxy: Proxy(), se:cdp: ws://localhost:57719/devtoo..., se:cdpVersion: 120.0.6099.130, setWindowRect: true, strictFileInteractability: false, timeouts: {implicit: 0, pageLoad: 300000, script: 30000}, unhandledPromptBehavior: dismiss and notify, webauthn:extension:credBlob: true, webauthn:extension:largeBlob: true, webauthn:extension:minPinLength: true, webauthn:extension:prf: true, webauthn:virtualAuthenticators: true}
Session ID: 3e88bbba8a318a9313b5b80253020aad
at java.base/jdk.internal.reflect.NativeConstructorAccessorImpl.newInstance0(Native Method)
at java.base/jdk.internal.reflect.NativeConstructorAccessorImpl.newInstance(NativeConstructorAccessorImpl.java:77)
at java.base/jdk.internal.reflect.DelegatingConstructorAccessorImpl.newInstance(DelegatingConstructorAccessorImpl.java:45)
at java.base/java.lang.reflect.Constructor.newInstanceWithCaller(Constructor.java:499)
at java.base/java.lang.reflect.Constructor.newInstance(Constructor.java:480)
at org.openqa.selenium.remote.codec.w3c.W3CHttpResponseCodec.createException(W3CHttpResponseCodec.java:185)
at org.openqa.selenium.remote.codec.w3c.W3CHttpResponseCodec.decode(W3CHttpResponseCodec.java:134)
at org.openqa.selenium.remote.codec.w3c.W3CHttpResponseCodec.decode(W3CHttpResponseCodec.java:51)
at org.openqa.selenium.remote.HttpCommandExecutor.execute(HttpCommandExecutor.java:190)
at org.openqa.selenium.remote.service.DriverCommandExecutor.invokeExecute(DriverCommandExecutor.java:216)
at org.openqa.selenium.remote.service.DriverCommandExecutor.execute(DriverCommandExecutor.java:174)
at org.openqa.selenium.remote.RemoteWebDriver.execute(RemoteWebDriver.java:519)
at org.openqa.selenium.remote.ElementLocation$ElementFinder$2.findElement(ElementLocation.java:165)
at org.openqa.selenium.remote.ElementLocation.findElement(ElementLocation.java:59)
at org.openqa.selenium.remote.RemoteWebDriver.findElement(RemoteWebDriver.java:356)
at org.openqa.selenium.remote.RemoteWebDriver.findElement(RemoteWebDriver.java:350)
at org.openqa.selenium.support.pagefactory.DefaultElementLocator.findElement(DefaultElementLocator.java:68)
at org.openqa.selenium.support.pagefactory.internal.LocatingElementHandler.invoke(LocatingElementHandler.java:38)
at jdk.proxy2/jdk.proxy2.$Proxy31.sendKeys(Unknown Source)
at pageObject.LanguageLearning.searchLanguageLearning(LanguageLearning.java:42)
at testCases.TC_002_LanguageLearning.searchLanguageLearning(TC_002_LanguageLearning.java:20)
at java.base/jdk.internal.reflect.NativeMethodAccessorImpl.invoke0(Native Method)
at java.base/jdk.internal.reflect.NativeMethodAccessorImpl.invoke(NativeMethodAccessorImpl.java:77)
at java.base/jdk.internal.reflect.DelegatingMethodAccessorImpl.invoke(DelegatingMethodAccessorImpl.java:43)
at java.base/java.lang.reflect.Method.invoke(Method.java:568)
at org.testng.internal.invokers.MethodInvocationHelper.invokeMethod(MethodInvocationHelper.java:139)
at org.testng.internal.invokers.TestInvoker.invokeMethod(TestInvoker.java:664)
at org.testng.internal.invokers.TestInvoker.invokeTestMethod(TestInvoker.java:228)
at org.testng.internal.invokers.MethodRunner.runInSequence(MethodRunner.java:63)
at org.testng.internal.invokers.TestInvoker$MethodInvocationAgent.invoke(TestInvoker.java:961)
at org.testng.internal.invokers.TestInvoker.invokeTestMethods(TestInvoker.java:201)
at org.testng.internal.invokers.TestMethodWorker.invokeTestMethods(TestMethodWorker.java:148)
at org.testng.internal.invokers.TestMethodWorker.run(TestMethodWorker.java:128)
at java.base/java.util.ArrayList.forEach(ArrayList.java:1511)
at org.testng.TestRunner.privateRun(TestRunner.java:819)
at org.testng.TestRunner.run(TestRunner.java:619)
at org.testng.SuiteRunner.runTest(SuiteRunner.java:443)
at org.testng.SuiteRunner.runSequentially(SuiteRunner.java:437)
at org.testng.SuiteRunner.privateRun(SuiteRunner.java:397)
at org.testng.SuiteRunner.run(SuiteRunner.java:336)
at org.testng.SuiteRunnerWorker.runSuite(SuiteRunnerWorker.java:52)
at org.testng.SuiteRunnerWorker.run(SuiteRunnerWorker.java:95)
at org.testng.TestNG.runSuitesSequentially(TestNG.java:1301)
at org.testng.TestNG.runSuitesLocally(TestNG.java:1228)
at org.testng.TestNG.runSuites(TestNG.java:1134)
at org.testng.TestNG.run(TestNG.java:1101)
at org.testng.remote.AbstractRemoteTestNG.run(AbstractRemoteTestNG.java:115)
at org.testng.remote.RemoteTestNG.initAndRun(RemoteTestNG.java:251)
at org.testng.remote.RemoteTestNG.main(RemoteTestNG.java:77)
]]>
            </full-stacktrace>
          </exception> <!-- org.openqa.selenium.NoSuchElementException -->
          <reporter-output>
          </reporter-output>
        </test-method> <!-- searchLanguageLearning -->
        <test-method is-config="true" signature="popupHandle()[pri:0, instance:testCases.TC_002_LanguageLearning@61c4eee0]" started-at="2024-03-26T14:46:50 IST" name="popupHandle" finished-at="2024-03-26T14:47:00 IST" duration-ms="10033" status="PASS">
          <reporter-output>
          </reporter-output>
        </test-method> <!-- popupHandle -->
        <test-method signature="printLanguages()[pri:2, instance:testCases.TC_002_LanguageLearning@61c4eee0]" started-at="2024-03-26T14:47:00 IST" name="printLanguages" finished-at="2024-03-26T14:47:10 IST" duration-ms="10041" status="FAIL">
          <exception class="org.openqa.selenium.NoSuchElementException">
            <message>
              <![CDATA[no such element: Unable to locate element: {"method":"xpath","selector":"//button[@aria-label='Show more Language options']"}
  (Session info: chrome=120.0.6099.130)
For documentation on this error, please visit: https://www.selenium.dev/documentation/webdriver/troubleshooting/errors#no-such-element-exception
Build info: version: '4.17.0', revision: 'e52b1be057*'
System info: os.name: 'Windows 11', os.arch: 'amd64', os.version: '10.0', java.version: '17.0.10'
Driver info: org.openqa.selenium.chrome.ChromeDriver
Command: [3e88bbba8a318a9313b5b80253020aad, findElement {using=xpath, value=//button[@aria-label='Show more Language options']}]
Capabilities {acceptInsecureCerts: false, browserName: chrome, browserVersion: 120.0.6099.130, chrome: {chromedriverVersion: 120.0.6099.109 (3419140ab66..., userDataDir: C:\Windows\SystemTemp\scope...}, fedcm:accounts: true, goog:chromeOptions: {debuggerAddress: localhost:57719}, networkConnectionEnabled: false, pageLoadStrategy: normal, platformName: windows, proxy: Proxy(), se:cdp: ws://localhost:57719/devtoo..., se:cdpVersion: 120.0.6099.130, setWindowRect: true, strictFileInteractability: false, timeouts: {implicit: 0, pageLoad: 300000, script: 30000}, unhandledPromptBehavior: dismiss and notify, webauthn:extension:credBlob: true, webauthn:extension:largeBlob: true, webauthn:extension:minPinLength: true, webauthn:extension:prf: true, webauthn:virtualAuthenticators: true}
Session ID: 3e88bbba8a318a9313b5b80253020aad]]>
            </message>
            <full-stacktrace>
              <![CDATA[org.openqa.selenium.NoSuchElementException: no such element: Unable to locate element: {"method":"xpath","selector":"//button[@aria-label='Show more Language options']"}
  (Session info: chrome=120.0.6099.130)
For documentation on this error, please visit: https://www.selenium.dev/documentation/webdriver/troubleshooting/errors#no-such-element-exception
Build info: version: '4.17.0', revision: 'e52b1be057*'
System info: os.name: 'Windows 11', os.arch: 'amd64', os.version: '10.0', java.version: '17.0.10'
Driver info: org.openqa.selenium.chrome.ChromeDriver
Command: [3e88bbba8a318a9313b5b80253020aad, findElement {using=xpath, value=//button[@aria-label='Show more Language options']}]
Capabilities {acceptInsecureCerts: false, browserName: chrome, browserVersion: 120.0.6099.130, chrome: {chromedriverVersion: 120.0.6099.109 (3419140ab66..., userDataDir: C:\Windows\SystemTemp\scope...}, fedcm:accounts: true, goog:chromeOptions: {debuggerAddress: localhost:57719}, networkConnectionEnabled: false, pageLoadStrategy: normal, platformName: windows, proxy: Proxy(), se:cdp: ws://localhost:57719/devtoo..., se:cdpVersion: 120.0.6099.130, setWindowRect: true, strictFileInteractability: false, timeouts: {implicit: 0, pageLoad: 300000, script: 30000}, unhandledPromptBehavior: dismiss and notify, webauthn:extension:credBlob: true, webauthn:extension:largeBlob: true, webauthn:extension:minPinLength: true, webauthn:extension:prf: true, webauthn:virtualAuthenticators: true}
Session ID: 3e88bbba8a318a9313b5b80253020aad
at java.base/jdk.internal.reflect.NativeConstructorAccessorImpl.newInstance0(Native Method)
at java.base/jdk.internal.reflect.NativeConstructorAccessorImpl.newInstance(NativeConstructorAccessorImpl.java:77)
at java.base/jdk.internal.reflect.DelegatingConstructorAccessorImpl.newInstance(DelegatingConstructorAccessorImpl.java:45)
at java.base/java.lang.reflect.Constructor.newInstanceWithCaller(Constructor.java:499)
at java.base/java.lang.reflect.Constructor.newInstance(Constructor.java:480)
at org.openqa.selenium.remote.codec.w3c.W3CHttpResponseCodec.createException(W3CHttpResponseCodec.java:185)
at org.openqa.selenium.remote.codec.w3c.W3CHttpResponseCodec.decode(W3CHttpResponseCodec.java:134)
at org.openqa.selenium.remote.codec.w3c.W3CHttpResponseCodec.decode(W3CHttpResponseCodec.java:51)
at org.openqa.selenium.remote.HttpCommandExecutor.execute(HttpCommandExecutor.java:190)
at org.openqa.selenium.remote.service.DriverCommandExecutor.invokeExecute(DriverCommandExecutor.java:216)
at org.openqa.selenium.remote.service.DriverCommandExecutor.execute(DriverCommandExecutor.java:174)
at org.openqa.selenium.remote.RemoteWebDriver.execute(RemoteWebDriver.java:519)
at org.openqa.selenium.remote.ElementLocation$ElementFinder$2.findElement(ElementLocation.java:165)
at org.openqa.selenium.remote.ElementLocation.findElement(ElementLocation.java:59)
at org.openqa.selenium.remote.RemoteWebDriver.findElement(RemoteWebDriver.java:356)
at org.openqa.selenium.remote.RemoteWebDriver.findElement(RemoteWebDriver.java:350)
at org.openqa.selenium.support.pagefactory.DefaultElementLocator.findElement(DefaultElementLocator.java:68)
at org.openqa.selenium.support.pagefactory.internal.LocatingElementHandler.invoke(LocatingElementHandler.java:38)
at jdk.proxy2/jdk.proxy2.$Proxy31.click(Unknown Source)
at pageObject.LanguageLearning.clickOnShowMore(LanguageLearning.java:50)
at testCases.TC_002_LanguageLearning.printLanguages(TC_002_LanguageLearning.java:32)
at java.base/jdk.internal.reflect.NativeMethodAccessorImpl.invoke0(Native Method)
at java.base/jdk.internal.reflect.NativeMethodAccessorImpl.invoke(NativeMethodAccessorImpl.java:77)
at java.base/jdk.internal.reflect.DelegatingMethodAccessorImpl.invoke(DelegatingMethodAccessorImpl.java:43)
at java.base/java.lang.reflect.Method.invoke(Method.java:568)
at org.testng.internal.invokers.MethodInvocationHelper.invokeMethod(MethodInvocationHelper.java:139)
at org.testng.internal.invokers.TestInvoker.invokeMethod(TestInvoker.java:664)
at org.testng.internal.invokers.TestInvoker.invokeTestMethod(TestInvoker.java:228)
at org.testng.internal.invokers.MethodRunner.runInSequence(MethodRunner.java:63)
at org.testng.internal.invokers.TestInvoker$MethodInvocationAgent.invoke(TestInvoker.java:961)
at org.testng.internal.invokers.TestInvoker.invokeTestMethods(TestInvoker.java:201)
at org.testng.internal.invokers.TestMethodWorker.invokeTestMethods(TestMethodWorker.java:148)
at org.testng.internal.invokers.TestMethodWorker.run(TestMethodWorker.java:128)
at java.base/java.util.ArrayList.forEach(ArrayList.java:1511)
at org.testng.TestRunner.privateRun(TestRunner.java:819)
at org.testng.TestRunner.run(TestRunner.java:619)
at org.testng.SuiteRunner.runTest(SuiteRunner.java:443)
at org.testng.SuiteRunner.runSequentially(SuiteRunner.java:437)
at org.testng.SuiteRunner.privateRun(SuiteRunner.java:397)
at org.testng.SuiteRunner.run(SuiteRunner.java:336)
at org.testng.SuiteRunnerWorker.runSuite(SuiteRunnerWorker.java:52)
at org.testng.SuiteRunnerWorker.run(SuiteRunnerWorker.java:95)
at org.testng.TestNG.runSuitesSequentially(TestNG.java:1301)
at org.testng.TestNG.runSuitesLocally(TestNG.java:1228)
at org.testng.TestNG.runSuites(TestNG.java:1134)
at org.testng.TestNG.run(TestNG.java:1101)
at org.testng.remote.AbstractRemoteTestNG.run(AbstractRemoteTestNG.java:115)
at org.testng.remote.RemoteTestNG.initAndRun(RemoteTestNG.java:251)
at org.testng.remote.RemoteTestNG.main(RemoteTestNG.java:77)
]]>
            </full-stacktrace>
          </exception> <!-- org.openqa.selenium.NoSuchElementException -->
          <reporter-output>
          </reporter-output>
        </test-method> <!-- printLanguages -->
        <test-method is-config="true" signature="popupHandle()[pri:0, instance:testCases.TC_002_LanguageLearning@61c4eee0]" started-at="2024-03-26T14:47:10 IST" name="popupHandle" finished-at="2024-03-26T14:47:20 IST" duration-ms="10023" status="PASS">
          <reporter-output>
          </reporter-output>
        </test-method> <!-- popupHandle -->
        <test-method signature="printLevels()[pri:3, instance:testCases.TC_002_LanguageLearning@61c4eee0]" started-at="2024-03-26T14:47:20 IST" name="printLevels" finished-at="2024-03-26T14:47:40 IST" duration-ms="20077" status="PASS">
          <reporter-output>
          </reporter-output>
        </test-method> <!-- printLevels -->
        <test-method is-config="true" signature="tearDown()[pri:0, instance:testCases.TC_002_LanguageLearning@61c4eee0]" started-at="2024-03-26T14:47:40 IST" name="tearDown" finished-at="2024-03-26T14:47:42 IST" duration-ms="1112" status="PASS">
          <reporter-output>
          </reporter-output>
        </test-method> <!-- tearDown -->
      </class> <!-- testCases.TC_002_LanguageLearning -->
      <class name="testCases.TC_003_FormFill">
        <test-method is-config="true" signature="setup(java.lang.String)[pri:0, instance:testCases.TC_003_FormFill@6f10d5b6]" started-at="2024-03-26T14:47:42 IST" name="setup" finished-at="2024-03-26T14:47:59 IST" duration-ms="17796" status="PASS">
          <params>
            <param index="0">
              <value>
                <![CDATA[Chrome]]>
              </value>
            </param>
          </params>
          <reporter-output>
          </reporter-output>
        </test-method> <!-- setup -->
        <test-method is-config="true" signature="popupHandle()[pri:0, instance:testCases.TC_003_FormFill@6f10d5b6]" started-at="2024-03-26T14:47:59 IST" name="popupHandle" finished-at="2024-03-26T14:48:09 IST" duration-ms="10072" status="PASS">
          <reporter-output>
          </reporter-output>
        </test-method> <!-- popupHandle -->
        <test-method signature="goEnterprise()[pri:2, instance:testCases.TC_003_FormFill@6f10d5b6]" started-at="2024-03-26T14:48:09 IST" name="goEnterprise" finished-at="2024-03-26T14:48:26 IST" duration-ms="16058" status="PASS">
          <reporter-output>
          </reporter-output>
        </test-method> <!-- goEnterprise -->
        <test-method is-config="true" signature="popupHandle()[pri:0, instance:testCases.TC_003_FormFill@6f10d5b6]" started-at="2024-03-26T14:48:26 IST" name="popupHandle" finished-at="2024-03-26T14:48:36 IST" duration-ms="10013" status="PASS">
          <reporter-output>
          </reporter-output>
        </test-method> <!-- popupHandle -->
        <test-method signature="goCampus()[pri:3, instance:testCases.TC_003_FormFill@6f10d5b6]" started-at="2024-03-26T14:48:36 IST" name="goCampus" finished-at="2024-03-26T14:48:36 IST" duration-ms="231" status="PASS">
          <reporter-output>
          </reporter-output>
        </test-method> <!-- goCampus -->
        <test-method is-config="true" signature="popupHandle()[pri:0, instance:testCases.TC_003_FormFill@6f10d5b6]" started-at="2024-03-26T14:48:36 IST" name="popupHandle" finished-at="2024-03-26T14:48:46 IST" duration-ms="10024" status="PASS">
          <reporter-output>
          </reporter-output>
        </test-method> <!-- popupHandle -->
        <test-method signature="fillingForm()[pri:4, instance:testCases.TC_003_FormFill@6f10d5b6]" started-at="2024-03-26T14:48:46 IST" name="fillingForm" finished-at="2024-03-26T14:48:51 IST" duration-ms="4824" status="PASS">
          <reporter-output>
          </reporter-output>
        </test-method> <!-- fillingForm -->
        <test-method is-config="true" signature="tearDown()[pri:0, instance:testCases.TC_003_FormFill@6f10d5b6]" started-at="2024-03-26T14:48:51 IST" name="tearDown" finished-at="2024-03-26T14:48:52 IST" duration-ms="1126" status="PASS">
          <reporter-output>
          </reporter-output>
        </test-method> <!-- tearDown -->
      </class> <!-- testCases.TC_003_FormFill -->
    </test> <!-- Test -->
  </suite> <!-- Suite -->
</testng-results>
